d:\dae\4_programming\minigin\minigin\x64\release\minigin.pch
d:\dae\4_programming\minigin\minigin\x64\release\vc142.pdb
d:\dae\4_programming\minigin\minigin\x64\release\miniginpch.obj
d:\dae\4_programming\minigin\minigin\x64\release\transform.obj
d:\dae\4_programming\minigin\minigin\x64\release\time.obj
d:\dae\4_programming\minigin\minigin\x64\release\texture2d.obj
d:\dae\4_programming\minigin\minigin\x64\release\textrendercomponent.obj
d:\dae\4_programming\minigin\minigin\x64\release\textobject.obj
d:\dae\4_programming\minigin\minigin\x64\release\spriterendercomponent.obj
d:\dae\4_programming\minigin\minigin\x64\release\sceneobject.obj
d:\dae\4_programming\minigin\minigin\x64\release\scenemanager.obj
d:\dae\4_programming\minigin\minigin\x64\release\scene.obj
d:\dae\4_programming\minigin\minigin\x64\release\rigidbodycomponent.obj
d:\dae\4_programming\minigin\minigin\x64\release\resourcemanager.obj
d:\dae\4_programming\minigin\minigin\x64\release\renderer.obj
d:\dae\4_programming\minigin\minigin\x64\release\rendercomponent.obj
d:\dae\4_programming\minigin\minigin\x64\release\physicsmanager.obj
d:\dae\4_programming\minigin\minigin\x64\release\inputmanager.obj
d:\dae\4_programming\minigin\minigin\x64\release\gameobject.obj
d:\dae\4_programming\minigin\minigin\x64\release\font.obj
d:\dae\4_programming\minigin\minigin\x64\release\component.obj
d:\dae\4_programming\minigin\minigin\x64\release\collidercomponent.obj
d:\dae\4_programming\minigin\minigin\x64\release\minigin.tlog\cl.command.1.tlog
d:\dae\4_programming\minigin\minigin\x64\release\minigin.tlog\cl.read.1.tlog
d:\dae\4_programming\minigin\minigin\x64\release\minigin.tlog\cl.write.1.tlog
d:\dae\4_programming\minigin\minigin\x64\release\minigin.tlog\link.command.1.tlog
d:\dae\4_programming\minigin\minigin\x64\release\minigin.tlog\link.read.1.tlog
d:\dae\4_programming\minigin\minigin\x64\release\minigin.tlog\link.write.1.tlog
