d:\dae\4_programming\minigin\minigin\win32\debug\minigin.pch
d:\dae\4_programming\minigin\minigin\win32\debug\vc142.pdb
d:\dae\4_programming\minigin\minigin\win32\debug\vc142.idb
d:\dae\4_programming\minigin\minigin\win32\debug\miniginpch.obj
d:\dae\4_programming\minigin\minigin\win32\debug\spriterendercomponent.obj
d:\dae\4_programming\minigin\minigin\win32\debug\sceneobject.obj
d:\dae\4_programming\minigin\minigin\win32\debug\scenemanager.obj
d:\dae\4_programming\minigin\minigin\win32\debug\scene.obj
d:\dae\4_programming\minigin\minigin\win32\debug\rigidbodycomponent.obj
d:\dae\4_programming\minigin\minigin\win32\debug\resourcemanager.obj
d:\dae\4_programming\minigin\minigin\win32\debug\renderer.obj
d:\dae\4_programming\minigin\minigin\win32\debug\rendercomponent.obj
d:\dae\4_programming\minigin\minigin\win32\debug\projectile.obj
d:\dae\4_programming\minigin\minigin\win32\debug\physicsmanager.obj
d:\dae\4_programming\minigin\minigin\win32\debug\minigin.obj
d:\dae\4_programming\minigin\minigin\win32\debug\main.obj
d:\dae\4_programming\minigin\minigin\win32\debug\level1.obj
d:\dae\4_programming\minigin\minigin\win32\debug\inputmanager.obj
d:\dae\4_programming\minigin\minigin\win32\debug\gameobject.obj
d:\dae\4_programming\minigin\minigin\win32\debug\font.obj
d:\dae\4_programming\minigin\minigin\win32\debug\component.obj
d:\dae\4_programming\minigin\minigin\win32\debug\collidercomponent.obj
d:\dae\4_programming\minigin\minigin\win32\debug\character.obj
d:\dae\4_programming\minigin\minigin\win32\debug\box.obj
d:\dae\4_programming\minigin\minigin\win32\debug\transform.obj
d:\dae\4_programming\minigin\minigin\win32\debug\time.obj
d:\dae\4_programming\minigin\minigin\win32\debug\texture2d.obj
d:\dae\4_programming\minigin\minigin\win32\debug\textrendercomponent.obj
d:\dae\4_programming\minigin\minigin\win32\debug\textobject.obj
d:\dae\4_programming\minigin\win32\debug\minigin.exe
d:\dae\4_programming\minigin\win32\debug\minigin.ilk
d:\dae\4_programming\minigin\win32\debug\minigin.pdb
d:\dae\4_programming\minigin\win32\debug\minigin.lib
d:\dae\4_programming\minigin\win32\debug\minigin.exp
d:\dae\4_programming\minigin\minigin\win32\debug\minigin.tlog\cl.command.1.tlog
d:\dae\4_programming\minigin\minigin\win32\debug\minigin.tlog\cl.read.1.tlog
d:\dae\4_programming\minigin\minigin\win32\debug\minigin.tlog\cl.write.1.tlog
d:\dae\4_programming\minigin\minigin\win32\debug\minigin.tlog\link.command.1.tlog
d:\dae\4_programming\minigin\minigin\win32\debug\minigin.tlog\link.read.1.tlog
d:\dae\4_programming\minigin\minigin\win32\debug\minigin.tlog\link.write.1.tlog
d:\dae\4_programming\minigin\minigin\win32\debug\minigin.tlog\minigin.write.1u.tlog
