d:\dae\4_programming\minigin\minigin\x64\debug\minigin.pch
d:\dae\4_programming\minigin\minigin\x64\debug\vc142.pdb
d:\dae\4_programming\minigin\minigin\x64\debug\vc142.idb
d:\dae\4_programming\minigin\minigin\x64\debug\miniginpch.obj
d:\dae\4_programming\minigin\minigin\x64\debug\transform.obj
d:\dae\4_programming\minigin\minigin\x64\debug\time.obj
d:\dae\4_programming\minigin\minigin\x64\debug\texture2d.obj
d:\dae\4_programming\minigin\minigin\x64\debug\textrendercomponent.obj
d:\dae\4_programming\minigin\minigin\x64\debug\textobject.obj
d:\dae\4_programming\minigin\minigin\x64\debug\spriterendercomponent.obj
d:\dae\4_programming\minigin\minigin\x64\debug\sceneobject.obj
d:\dae\4_programming\minigin\minigin\x64\debug\scenemanager.obj
d:\dae\4_programming\minigin\minigin\x64\debug\scene.obj
d:\dae\4_programming\minigin\minigin\x64\debug\rigidbodycomponent.obj
d:\dae\4_programming\minigin\minigin\x64\debug\resourcemanager.obj
d:\dae\4_programming\minigin\minigin\x64\debug\renderer.obj
d:\dae\4_programming\minigin\minigin\x64\debug\rendercomponent.obj
d:\dae\4_programming\minigin\minigin\x64\debug\physicsmanager.obj
d:\dae\4_programming\minigin\minigin\x64\debug\inputmanager.obj
d:\dae\4_programming\minigin\minigin\x64\debug\gameobject.obj
d:\dae\4_programming\minigin\minigin\x64\debug\font.obj
d:\dae\4_programming\minigin\minigin\x64\debug\component.obj
d:\dae\4_programming\minigin\minigin\x64\debug\collidercomponent.obj
d:\dae\4_programming\minigin\x64\debug\minigin.pdb
d:\dae\4_programming\minigin\minigin\x64\debug\minigin.tlog\cl.command.1.tlog
d:\dae\4_programming\minigin\minigin\x64\debug\minigin.tlog\cl.read.1.tlog
d:\dae\4_programming\minigin\minigin\x64\debug\minigin.tlog\cl.write.1.tlog
d:\dae\4_programming\minigin\minigin\x64\debug\minigin.tlog\link-cvtres.read.1.tlog
d:\dae\4_programming\minigin\minigin\x64\debug\minigin.tlog\link-cvtres.write.1.tlog
d:\dae\4_programming\minigin\minigin\x64\debug\minigin.tlog\link-rc.read.1.tlog
d:\dae\4_programming\minigin\minigin\x64\debug\minigin.tlog\link-rc.write.1.tlog
d:\dae\4_programming\minigin\minigin\x64\debug\minigin.tlog\link.command.1.tlog
d:\dae\4_programming\minigin\minigin\x64\debug\minigin.tlog\link.read.1.tlog
d:\dae\4_programming\minigin\minigin\x64\debug\minigin.tlog\link.write.1.tlog
