  MiniginPCH.cpp
  ColliderComponent.cpp
  Component.cpp
  Font.cpp
  GameObject.cpp
  InputManager.cpp
  Minigin.cpp
  PhysicsManager.cpp
  RenderComponent.cpp
  Renderer.cpp
  ResourceManager.cpp
  RigidbodyComponent.cpp
  Scene.cpp
  SceneManager.cpp
  SceneObject.cpp
  SpriteRenderComponent.cpp
  TextObject.cpp
  TextRenderComponent.cpp
  Texture2D.cpp
  Time.cpp
  Transform.cpp
  Generating Code...
SDL2main.lib(SDL_windows_main.obj) : error LNK2019: unresolved external symbol SDL_main referenced in function main_utf8
D:\DAE\Git\Programming4\Minigin\x64\Debug\Minigin.exe : fatal error LNK1120: 1 unresolved externals
