d:\dae\git\programming4\minigin\game\debug\vc142.pdb
d:\dae\git\programming4\minigin\game\debug\vc142.idb
d:\dae\git\programming4\minigin\game\debug\splashscene.obj
d:\dae\git\programming4\minigin\game\debug\scoreobserver.obj
d:\dae\git\programming4\minigin\game\debug\score.obj
d:\dae\git\programming4\minigin\game\debug\projectile.obj
d:\dae\git\programming4\minigin\game\debug\platform.obj
d:\dae\git\programming4\minigin\game\debug\pickup.obj
d:\dae\git\programming4\minigin\game\debug\melon.obj
d:\dae\git\programming4\minigin\game\debug\maita.obj
d:\dae\git\programming4\minigin\game\debug\main.obj
d:\dae\git\programming4\minigin\game\debug\lifeobserver.obj
d:\dae\git\programming4\minigin\game\debug\levelloader.obj
d:\dae\git\programming4\minigin\game\debug\level3.obj
d:\dae\git\programming4\minigin\game\debug\level2.obj
d:\dae\git\programming4\minigin\game\debug\level1.obj
d:\dae\git\programming4\minigin\game\debug\game.obj
d:\dae\git\programming4\minigin\game\debug\frenchfries.obj
d:\dae\git\programming4\minigin\game\debug\enemyobserver.obj
d:\dae\git\programming4\minigin\game\debug\enemy.obj
d:\dae\git\programming4\minigin\game\debug\character.obj
d:\dae\git\programming4\minigin\game\debug\bounds.obj
d:\dae\git\programming4\minigin\game\debug\zenchan.obj
d:\dae\git\programming4\minigin\debug\game.lib
d:\dae\git\programming4\minigin\debug\game.exp
d:\dae\git\programming4\minigin\debug\game.exe
d:\dae\git\programming4\minigin\debug\game.ilk
d:\dae\git\programming4\minigin\debug\game.pdb
d:\dae\git\programming4\minigin\game\debug\game.tlog\cl.command.1.tlog
d:\dae\git\programming4\minigin\game\debug\game.tlog\cl.read.1.tlog
d:\dae\git\programming4\minigin\game\debug\game.tlog\cl.write.1.tlog
d:\dae\git\programming4\minigin\game\debug\game.tlog\game.write.1u.tlog
d:\dae\git\programming4\minigin\game\debug\game.tlog\link.command.1.tlog
d:\dae\git\programming4\minigin\game\debug\game.tlog\link.read.1.tlog
d:\dae\git\programming4\minigin\game\debug\game.tlog\link.write.1.tlog
