d:\dae\4_programming\minigin\minigin\win32\release\minigin.pch
d:\dae\4_programming\minigin\minigin\win32\release\vc142.pdb
d:\dae\4_programming\minigin\minigin\win32\release\miniginpch.obj
d:\dae\4_programming\minigin\minigin\win32\release\transform.obj
d:\dae\4_programming\minigin\minigin\win32\release\time.obj
d:\dae\4_programming\minigin\minigin\win32\release\texture2d.obj
d:\dae\4_programming\minigin\minigin\win32\release\textrendercomponent.obj
d:\dae\4_programming\minigin\minigin\win32\release\textobject.obj
d:\dae\4_programming\minigin\minigin\win32\release\spriterendercomponent.obj
d:\dae\4_programming\minigin\minigin\win32\release\sceneobject.obj
d:\dae\4_programming\minigin\minigin\win32\release\scenemanager.obj
d:\dae\4_programming\minigin\minigin\win32\release\scene.obj
d:\dae\4_programming\minigin\minigin\win32\release\rigidbodycomponent.obj
d:\dae\4_programming\minigin\minigin\win32\release\resourcemanager.obj
d:\dae\4_programming\minigin\minigin\win32\release\renderer.obj
d:\dae\4_programming\minigin\minigin\win32\release\rendercomponent.obj
d:\dae\4_programming\minigin\minigin\win32\release\physicsmanager.obj
d:\dae\4_programming\minigin\minigin\win32\release\inputmanager.obj
d:\dae\4_programming\minigin\minigin\win32\release\gameobject.obj
d:\dae\4_programming\minigin\minigin\win32\release\font.obj
d:\dae\4_programming\minigin\minigin\win32\release\component.obj
d:\dae\4_programming\minigin\minigin\win32\release\collidercomponent.obj
d:\dae\4_programming\minigin\minigin\win32\release\minigin.tlog\cl.command.1.tlog
d:\dae\4_programming\minigin\minigin\win32\release\minigin.tlog\cl.read.1.tlog
d:\dae\4_programming\minigin\minigin\win32\release\minigin.tlog\cl.write.1.tlog
d:\dae\4_programming\minigin\minigin\win32\release\minigin.tlog\link.command.1.tlog
d:\dae\4_programming\minigin\minigin\win32\release\minigin.tlog\link.read.1.tlog
d:\dae\4_programming\minigin\minigin\win32\release\minigin.tlog\link.write.1.tlog
