  Scene.cpp
     Creating library D:\DAE\4_Programming\Minigin\Win32\Release\Minigin.lib and object D:\DAE\4_Programming\Minigin\Win32\Release\Minigin.exp
  Generating code
  4 of 651 functions ( 0.6%) were compiled, the rest were copied from previous compilation.
    0 functions were new in current compilation
    4 functions had inline decision re-evaluated but remain unchanged
  Finished generating code
  Minigin.vcxproj -> D:\DAE\4_Programming\Minigin\Win32\Release\Minigin.exe
  D:\DAE\4_Programming\Minigin\3rdParty\SDL2\lib\x86\SDL2.dll
  1 File(s) copied
  D:\DAE\4_Programming\Minigin\3rdParty\SDL2_image\lib\x86\libjpeg-9.dll
  D:\DAE\4_Programming\Minigin\3rdParty\SDL2_image\lib\x86\libpng16-16.dll
  D:\DAE\4_Programming\Minigin\3rdParty\SDL2_image\lib\x86\libtiff-5.dll
  D:\DAE\4_Programming\Minigin\3rdParty\SDL2_image\lib\x86\libwebp-7.dll
  D:\DAE\4_Programming\Minigin\3rdParty\SDL2_image\lib\x86\SDL2_image.dll
  D:\DAE\4_Programming\Minigin\3rdParty\SDL2_image\lib\x86\zlib1.dll
  6 File(s) copied
  D:\DAE\4_Programming\Minigin\3rdParty\SDL2_ttf\lib\x86\libfreetype-6.dll
  D:\DAE\4_Programming\Minigin\3rdParty\SDL2_ttf\lib\x86\SDL2_ttf.dll
  2 File(s) copied
