d:\dae\git\programming4\minigin\game\release\vc142.pdb
d:\dae\git\programming4\minigin\game\release\projectile.obj
d:\dae\git\programming4\minigin\game\release\platform.obj
d:\dae\git\programming4\minigin\game\release\pickup.obj
d:\dae\git\programming4\minigin\game\release\melon.obj
d:\dae\git\programming4\minigin\game\release\maita.obj
d:\dae\git\programming4\minigin\game\release\main.obj
d:\dae\git\programming4\minigin\game\release\characterobserver.obj
d:\dae\git\programming4\minigin\game\release\levelloader.obj
d:\dae\git\programming4\minigin\game\release\level3.obj
d:\dae\git\programming4\minigin\game\release\level2.obj
d:\dae\git\programming4\minigin\game\release\level1.obj
d:\dae\git\programming4\minigin\game\release\gameoverscene.obj
d:\dae\git\programming4\minigin\game\release\game.obj
d:\dae\git\programming4\minigin\game\release\frenchfries.obj
d:\dae\git\programming4\minigin\game\release\enemyobserver.obj
d:\dae\git\programming4\minigin\game\release\enemy.obj
d:\dae\git\programming4\minigin\game\release\character.obj
d:\dae\git\programming4\minigin\game\release\bub.obj
d:\dae\git\programming4\minigin\game\release\bounds.obj
d:\dae\git\programming4\minigin\game\release\bob.obj
d:\dae\git\programming4\minigin\game\release\zenchan.obj
d:\dae\git\programming4\minigin\game\release\splashscene.obj
d:\dae\git\programming4\minigin\game\release\scoreobserver.obj
d:\dae\git\programming4\minigin\game\release\score.obj
d:\dae\git\programming4\minigin\release\game.lib
d:\dae\git\programming4\minigin\release\game.exp
d:\dae\git\programming4\minigin\release\game.ipdb
d:\dae\git\programming4\minigin\release\game.iobj
d:\dae\git\programming4\minigin\release\game.exe
d:\dae\git\programming4\minigin\release\game.pdb
d:\dae\git\programming4\minigin\game\release\game.tlog\cl.command.1.tlog
d:\dae\git\programming4\minigin\game\release\game.tlog\cl.read.1.tlog
d:\dae\git\programming4\minigin\game\release\game.tlog\cl.write.1.tlog
d:\dae\git\programming4\minigin\game\release\game.tlog\game.write.1u.tlog
d:\dae\git\programming4\minigin\game\release\game.tlog\link.command.1.tlog
d:\dae\git\programming4\minigin\game\release\game.tlog\link.read.1.tlog
d:\dae\git\programming4\minigin\game\release\game.tlog\link.write.1.tlog
