d:\dae\git\programming4\minigin\game\x64\debug\vc142.pdb
d:\dae\git\programming4\minigin\game\x64\debug\vc142.idb
d:\dae\git\programming4\minigin\game\x64\debug\projectile.obj
d:\dae\git\programming4\minigin\game\x64\debug\platform.obj
d:\dae\git\programming4\minigin\game\x64\debug\pickup.obj
d:\dae\git\programming4\minigin\game\x64\debug\melon.obj
d:\dae\git\programming4\minigin\game\x64\debug\maita.obj
d:\dae\git\programming4\minigin\game\x64\debug\main.obj
d:\dae\git\programming4\minigin\game\x64\debug\characterobserver.obj
d:\dae\git\programming4\minigin\game\x64\debug\levelloader.obj
d:\dae\git\programming4\minigin\game\x64\debug\level3.obj
d:\dae\git\programming4\minigin\game\x64\debug\level2.obj
d:\dae\git\programming4\minigin\game\x64\debug\level1.obj
d:\dae\git\programming4\minigin\game\x64\debug\gameoverscene.obj
d:\dae\git\programming4\minigin\game\x64\debug\game.obj
d:\dae\git\programming4\minigin\game\x64\debug\frenchfries.obj
d:\dae\git\programming4\minigin\game\x64\debug\enemyobserver.obj
d:\dae\git\programming4\minigin\game\x64\debug\enemy.obj
d:\dae\git\programming4\minigin\game\x64\debug\character.obj
d:\dae\git\programming4\minigin\game\x64\debug\bub.obj
d:\dae\git\programming4\minigin\game\x64\debug\bounds.obj
d:\dae\git\programming4\minigin\game\x64\debug\bob.obj
d:\dae\git\programming4\minigin\game\x64\debug\zenchan.obj
d:\dae\git\programming4\minigin\game\x64\debug\splashscene.obj
d:\dae\git\programming4\minigin\game\x64\debug\scoreobserver.obj
d:\dae\git\programming4\minigin\game\x64\debug\score.obj
d:\dae\git\programming4\minigin\game\x64\debug\game.tlog\cl.command.1.tlog
d:\dae\git\programming4\minigin\game\x64\debug\game.tlog\cl.read.1.tlog
d:\dae\git\programming4\minigin\game\x64\debug\game.tlog\cl.write.1.tlog
d:\dae\git\programming4\minigin\game\x64\debug\game.tlog\link.command.1.tlog
d:\dae\git\programming4\minigin\game\x64\debug\game.tlog\link.read.1.tlog
d:\dae\git\programming4\minigin\game\x64\debug\game.tlog\link.write.1.tlog
